mode: set
github.com/t1d333/docker-volume-ftp-driver/internal/volume/service/ftp_service.go:28.235,38.49 2 0
github.com/t1d333/docker-volume-ftp-driver/internal/volume/service/ftp_service.go:49.2,49.18 1 0
github.com/t1d333/docker-volume-ftp-driver/internal/volume/service/ftp_service.go:38.49,39.10 1 0
github.com/t1d333/docker-volume-ftp-driver/internal/volume/service/ftp_service.go:40.63,41.20 1 0
github.com/t1d333/docker-volume-ftp-driver/internal/volume/service/ftp_service.go:42.62,43.20 1 0
github.com/t1d333/docker-volume-ftp-driver/internal/volume/service/ftp_service.go:44.11,45.20 1 0
github.com/t1d333/docker-volume-ftp-driver/internal/volume/service/ftp_service.go:52.68,55.9 2 0
github.com/t1d333/docker-volume-ftp-driver/internal/volume/service/ftp_service.go:59.2,61.34 2 0
github.com/t1d333/docker-volume-ftp-driver/internal/volume/service/ftp_service.go:67.2,67.34 1 0
github.com/t1d333/docker-volume-ftp-driver/internal/volume/service/ftp_service.go:73.2,73.34 1 0
github.com/t1d333/docker-volume-ftp-driver/internal/volume/service/ftp_service.go:83.2,83.42 1 0
github.com/t1d333/docker-volume-ftp-driver/internal/volume/service/ftp_service.go:89.2,89.62 1 0
github.com/t1d333/docker-volume-ftp-driver/internal/volume/service/ftp_service.go:93.2,106.53 3 0
github.com/t1d333/docker-volume-ftp-driver/internal/volume/service/ftp_service.go:110.2,110.51 1 0
github.com/t1d333/docker-volume-ftp-driver/internal/volume/service/ftp_service.go:114.2,114.12 1 0
github.com/t1d333/docker-volume-ftp-driver/internal/volume/service/ftp_service.go:55.9,57.3 1 0
github.com/t1d333/docker-volume-ftp-driver/internal/volume/service/ftp_service.go:61.34,63.3 1 0
github.com/t1d333/docker-volume-ftp-driver/internal/volume/service/ftp_service.go:63.8,65.3 1 0
github.com/t1d333/docker-volume-ftp-driver/internal/volume/service/ftp_service.go:67.34,69.3 1 0
github.com/t1d333/docker-volume-ftp-driver/internal/volume/service/ftp_service.go:69.8,71.3 1 0
github.com/t1d333/docker-volume-ftp-driver/internal/volume/service/ftp_service.go:73.34,75.3 1 0
github.com/t1d333/docker-volume-ftp-driver/internal/volume/service/ftp_service.go:75.8,77.17 2 0
github.com/t1d333/docker-volume-ftp-driver/internal/volume/service/ftp_service.go:80.3,80.21 1 0
github.com/t1d333/docker-volume-ftp-driver/internal/volume/service/ftp_service.go:77.17,79.4 1 0
github.com/t1d333/docker-volume-ftp-driver/internal/volume/service/ftp_service.go:83.42,85.3 1 0
github.com/t1d333/docker-volume-ftp-driver/internal/volume/service/ftp_service.go:85.8,87.3 1 0
github.com/t1d333/docker-volume-ftp-driver/internal/volume/service/ftp_service.go:89.62,91.3 1 0
github.com/t1d333/docker-volume-ftp-driver/internal/volume/service/ftp_service.go:106.53,108.3 1 0
github.com/t1d333/docker-volume-ftp-driver/internal/volume/service/ftp_service.go:110.51,112.3 1 0
github.com/t1d333/docker-volume-ftp-driver/internal/volume/service/ftp_service.go:117.52,119.2 1 0
github.com/t1d333/docker-volume-ftp-driver/internal/volume/service/ftp_service.go:121.60,123.2 1 0
github.com/t1d333/docker-volume-ftp-driver/internal/volume/service/ftp_service.go:125.45,127.16 2 0
github.com/t1d333/docker-volume-ftp-driver/internal/volume/service/ftp_service.go:132.2,132.45 1 0
github.com/t1d333/docker-volume-ftp-driver/internal/volume/service/ftp_service.go:137.2,137.43 1 0
github.com/t1d333/docker-volume-ftp-driver/internal/volume/service/ftp_service.go:141.2,141.54 1 0
github.com/t1d333/docker-volume-ftp-driver/internal/volume/service/ftp_service.go:146.2,146.51 1 0
github.com/t1d333/docker-volume-ftp-driver/internal/volume/service/ftp_service.go:150.2,150.12 1 0
github.com/t1d333/docker-volume-ftp-driver/internal/volume/service/ftp_service.go:127.16,130.3 2 0
github.com/t1d333/docker-volume-ftp-driver/internal/volume/service/ftp_service.go:132.45,135.3 2 0
github.com/t1d333/docker-volume-ftp-driver/internal/volume/service/ftp_service.go:137.43,139.3 1 0
github.com/t1d333/docker-volume-ftp-driver/internal/volume/service/ftp_service.go:141.54,144.3 2 0
github.com/t1d333/docker-volume-ftp-driver/internal/volume/service/ftp_service.go:146.51,148.3 1 0
github.com/t1d333/docker-volume-ftp-driver/internal/volume/service/ftp_service.go:153.53,155.2 1 0
github.com/t1d333/docker-volume-ftp-driver/internal/volume/service/ftp_service.go:157.58,159.16 2 0
github.com/t1d333/docker-volume-ftp-driver/internal/volume/service/ftp_service.go:163.2,163.32 1 0
github.com/t1d333/docker-volume-ftp-driver/internal/volume/service/ftp_service.go:167.2,167.48 1 0
github.com/t1d333/docker-volume-ftp-driver/internal/volume/service/ftp_service.go:171.2,175.16 3 0
github.com/t1d333/docker-volume-ftp-driver/internal/volume/service/ftp_service.go:179.2,179.18 1 0
github.com/t1d333/docker-volume-ftp-driver/internal/volume/service/ftp_service.go:159.16,161.3 1 0
github.com/t1d333/docker-volume-ftp-driver/internal/volume/service/ftp_service.go:163.32,165.3 1 0
github.com/t1d333/docker-volume-ftp-driver/internal/volume/service/ftp_service.go:167.48,169.3 1 0
github.com/t1d333/docker-volume-ftp-driver/internal/volume/service/ftp_service.go:175.16,177.3 1 0
github.com/t1d333/docker-volume-ftp-driver/internal/volume/service/ftp_service.go:182.50,184.16 2 0
github.com/t1d333/docker-volume-ftp-driver/internal/volume/service/ftp_service.go:188.2,188.33 1 0
github.com/t1d333/docker-volume-ftp-driver/internal/volume/service/ftp_service.go:192.2,192.48 1 0
github.com/t1d333/docker-volume-ftp-driver/internal/volume/service/ftp_service.go:196.2,196.59 1 0
github.com/t1d333/docker-volume-ftp-driver/internal/volume/service/ftp_service.go:201.2,201.55 1 0
github.com/t1d333/docker-volume-ftp-driver/internal/volume/service/ftp_service.go:205.2,205.12 1 0
github.com/t1d333/docker-volume-ftp-driver/internal/volume/service/ftp_service.go:184.16,186.3 1 0
github.com/t1d333/docker-volume-ftp-driver/internal/volume/service/ftp_service.go:188.33,190.3 1 0
github.com/t1d333/docker-volume-ftp-driver/internal/volume/service/ftp_service.go:192.48,194.3 1 0
github.com/t1d333/docker-volume-ftp-driver/internal/volume/service/ftp_service.go:196.59,199.3 2 0
github.com/t1d333/docker-volume-ftp-driver/internal/volume/service/ftp_service.go:201.55,203.3 1 0
github.com/t1d333/docker-volume-ftp-driver/internal/volume/service/ftp_service.go:208.52,210.2 1 0
github.com/t1d333/docker-volume-ftp-driver/internal/ftpmngr/mocks/FTPManager.go:16.75,20.69 3 0
github.com/t1d333/docker-volume-ftp-driver/internal/ftpmngr/mocks/FTPManager.go:26.2,26.11 1 0
github.com/t1d333/docker-volume-ftp-driver/internal/ftpmngr/mocks/FTPManager.go:20.69,22.3 1 0
github.com/t1d333/docker-volume-ftp-driver/internal/ftpmngr/mocks/FTPManager.go:22.8,24.3 1 0
github.com/t1d333/docker-volume-ftp-driver/internal/ftpmngr/mocks/FTPManager.go:34.16,38.19 3 0
github.com/t1d333/docker-volume-ftp-driver/internal/ftpmngr/mocks/FTPManager.go:40.2,40.13 1 0
github.com/t1d333/docker-volume-ftp-driver/internal/ftpmngr/mocks/FTPManager.go:38.19,38.49 1 0
github.com/t1d333/docker-volume-ftp-driver/internal/volume/mocks/VolumeService.go:16.59,20.57 3 1
github.com/t1d333/docker-volume-ftp-driver/internal/volume/mocks/VolumeService.go:26.2,26.11 1 1
github.com/t1d333/docker-volume-ftp-driver/internal/volume/mocks/VolumeService.go:20.57,22.3 1 0
github.com/t1d333/docker-volume-ftp-driver/internal/volume/mocks/VolumeService.go:22.8,24.3 1 1
github.com/t1d333/docker-volume-ftp-driver/internal/volume/mocks/VolumeService.go:30.75,34.70 3 1
github.com/t1d333/docker-volume-ftp-driver/internal/volume/mocks/VolumeService.go:40.2,40.11 1 1
github.com/t1d333/docker-volume-ftp-driver/internal/volume/mocks/VolumeService.go:34.70,36.3 1 0
github.com/t1d333/docker-volume-ftp-driver/internal/volume/mocks/VolumeService.go:36.8,38.3 1 1
github.com/t1d333/docker-volume-ftp-driver/internal/volume/mocks/VolumeService.go:44.67,49.69 4 1
github.com/t1d333/docker-volume-ftp-driver/internal/volume/mocks/VolumeService.go:52.2,52.60 1 1
github.com/t1d333/docker-volume-ftp-driver/internal/volume/mocks/VolumeService.go:60.2,60.51 1 1
github.com/t1d333/docker-volume-ftp-driver/internal/volume/mocks/VolumeService.go:66.2,66.15 1 1
github.com/t1d333/docker-volume-ftp-driver/internal/volume/mocks/VolumeService.go:49.69,51.3 1 0
github.com/t1d333/docker-volume-ftp-driver/internal/volume/mocks/VolumeService.go:52.60,54.3 1 0
github.com/t1d333/docker-volume-ftp-driver/internal/volume/mocks/VolumeService.go:54.8,55.24 1 1
github.com/t1d333/docker-volume-ftp-driver/internal/volume/mocks/VolumeService.go:55.24,57.4 1 1
github.com/t1d333/docker-volume-ftp-driver/internal/volume/mocks/VolumeService.go:60.51,62.3 1 0
github.com/t1d333/docker-volume-ftp-driver/internal/volume/mocks/VolumeService.go:62.8,64.3 1 1
github.com/t1d333/docker-volume-ftp-driver/internal/volume/mocks/VolumeService.go:70.59,75.65 4 1
github.com/t1d333/docker-volume-ftp-driver/internal/volume/mocks/VolumeService.go:78.2,78.56 1 1
github.com/t1d333/docker-volume-ftp-driver/internal/volume/mocks/VolumeService.go:86.2,86.45 1 1
github.com/t1d333/docker-volume-ftp-driver/internal/volume/mocks/VolumeService.go:92.2,92.15 1 1
github.com/t1d333/docker-volume-ftp-driver/internal/volume/mocks/VolumeService.go:75.65,77.3 1 0
github.com/t1d333/docker-volume-ftp-driver/internal/volume/mocks/VolumeService.go:78.56,80.3 1 0
github.com/t1d333/docker-volume-ftp-driver/internal/volume/mocks/VolumeService.go:80.8,81.24 1 1
github.com/t1d333/docker-volume-ftp-driver/internal/volume/mocks/VolumeService.go:81.24,83.4 1 1
github.com/t1d333/docker-volume-ftp-driver/internal/volume/mocks/VolumeService.go:86.45,88.3 1 0
github.com/t1d333/docker-volume-ftp-driver/internal/volume/mocks/VolumeService.go:88.8,90.3 1 1
github.com/t1d333/docker-volume-ftp-driver/internal/volume/mocks/VolumeService.go:96.72,101.69 4 1
github.com/t1d333/docker-volume-ftp-driver/internal/volume/mocks/VolumeService.go:104.2,104.60 1 1
github.com/t1d333/docker-volume-ftp-driver/internal/volume/mocks/VolumeService.go:110.2,110.59 1 1
github.com/t1d333/docker-volume-ftp-driver/internal/volume/mocks/VolumeService.go:116.2,116.15 1 1
github.com/t1d333/docker-volume-ftp-driver/internal/volume/mocks/VolumeService.go:101.69,103.3 1 0
github.com/t1d333/docker-volume-ftp-driver/internal/volume/mocks/VolumeService.go:104.60,106.3 1 0
github.com/t1d333/docker-volume-ftp-driver/internal/volume/mocks/VolumeService.go:106.8,108.3 1 1
github.com/t1d333/docker-volume-ftp-driver/internal/volume/mocks/VolumeService.go:110.59,112.3 1 0
github.com/t1d333/docker-volume-ftp-driver/internal/volume/mocks/VolumeService.go:112.8,114.3 1 1
github.com/t1d333/docker-volume-ftp-driver/internal/volume/mocks/VolumeService.go:120.60,125.61 4 1
github.com/t1d333/docker-volume-ftp-driver/internal/volume/mocks/VolumeService.go:128.2,128.52 1 1
github.com/t1d333/docker-volume-ftp-driver/internal/volume/mocks/VolumeService.go:134.2,134.51 1 1
github.com/t1d333/docker-volume-ftp-driver/internal/volume/mocks/VolumeService.go:140.2,140.15 1 1
github.com/t1d333/docker-volume-ftp-driver/internal/volume/mocks/VolumeService.go:125.61,127.3 1 0
github.com/t1d333/docker-volume-ftp-driver/internal/volume/mocks/VolumeService.go:128.52,130.3 1 0
github.com/t1d333/docker-volume-ftp-driver/internal/volume/mocks/VolumeService.go:130.8,132.3 1 1
github.com/t1d333/docker-volume-ftp-driver/internal/volume/mocks/VolumeService.go:134.51,136.3 1 0
github.com/t1d333/docker-volume-ftp-driver/internal/volume/mocks/VolumeService.go:136.8,138.3 1 1
github.com/t1d333/docker-volume-ftp-driver/internal/volume/mocks/VolumeService.go:144.52,148.51 3 1
github.com/t1d333/docker-volume-ftp-driver/internal/volume/mocks/VolumeService.go:154.2,154.11 1 1
github.com/t1d333/docker-volume-ftp-driver/internal/volume/mocks/VolumeService.go:148.51,150.3 1 0
github.com/t1d333/docker-volume-ftp-driver/internal/volume/mocks/VolumeService.go:150.8,152.3 1 1
github.com/t1d333/docker-volume-ftp-driver/internal/volume/mocks/VolumeService.go:158.64,162.59 3 1
github.com/t1d333/docker-volume-ftp-driver/internal/volume/mocks/VolumeService.go:168.2,168.11 1 1
github.com/t1d333/docker-volume-ftp-driver/internal/volume/mocks/VolumeService.go:162.59,164.3 1 0
github.com/t1d333/docker-volume-ftp-driver/internal/volume/mocks/VolumeService.go:164.8,166.3 1 1
github.com/t1d333/docker-volume-ftp-driver/internal/volume/mocks/VolumeService.go:176.19,180.19 3 1
github.com/t1d333/docker-volume-ftp-driver/internal/volume/mocks/VolumeService.go:182.2,182.13 1 1
github.com/t1d333/docker-volume-ftp-driver/internal/volume/mocks/VolumeService.go:180.19,180.49 1 1
github.com/t1d333/docker-volume-ftp-driver/internal/mountmngr/mountmngr_impl.go:27.58,29.2 1 0
github.com/t1d333/docker-volume-ftp-driver/internal/mountmngr/mountmngr_impl.go:31.93,32.58 1 0
github.com/t1d333/docker-volume-ftp-driver/internal/mountmngr/mountmngr_impl.go:36.2,40.34 3 0
github.com/t1d333/docker-volume-ftp-driver/internal/mountmngr/mountmngr_impl.go:44.2,44.28 1 0
github.com/t1d333/docker-volume-ftp-driver/internal/mountmngr/mountmngr_impl.go:32.58,34.3 1 0
github.com/t1d333/docker-volume-ftp-driver/internal/mountmngr/mountmngr_impl.go:40.34,42.3 1 0
github.com/t1d333/docker-volume-ftp-driver/internal/mountmngr/mountmngr_impl.go:47.61,49.34 2 0
github.com/t1d333/docker-volume-ftp-driver/internal/mountmngr/mountmngr_impl.go:53.2,53.56 1 0
github.com/t1d333/docker-volume-ftp-driver/internal/mountmngr/mountmngr_impl.go:57.2,57.12 1 0
github.com/t1d333/docker-volume-ftp-driver/internal/mountmngr/mountmngr_impl.go:49.34,51.3 1 0
github.com/t1d333/docker-volume-ftp-driver/internal/mountmngr/mountmngr_impl.go:53.56,55.3 1 0
github.com/t1d333/docker-volume-ftp-driver/internal/mountmngr/mountmngr_impl.go:60.60,61.56 1 0
github.com/t1d333/docker-volume-ftp-driver/internal/mountmngr/mountmngr_impl.go:65.2,65.12 1 0
github.com/t1d333/docker-volume-ftp-driver/internal/mountmngr/mountmngr_impl.go:61.56,63.3 1 0
github.com/t1d333/docker-volume-ftp-driver/internal/statemngr/mocks/StateManager.go:13.43,17.45 3 0
github.com/t1d333/docker-volume-ftp-driver/internal/statemngr/mocks/StateManager.go:23.2,23.11 1 0
github.com/t1d333/docker-volume-ftp-driver/internal/statemngr/mocks/StateManager.go:17.45,19.3 1 0
github.com/t1d333/docker-volume-ftp-driver/internal/statemngr/mocks/StateManager.go:19.8,21.3 1 0
github.com/t1d333/docker-volume-ftp-driver/internal/statemngr/mocks/StateManager.go:27.43,31.45 3 0
github.com/t1d333/docker-volume-ftp-driver/internal/statemngr/mocks/StateManager.go:37.2,37.11 1 0
github.com/t1d333/docker-volume-ftp-driver/internal/statemngr/mocks/StateManager.go:31.45,33.3 1 0
github.com/t1d333/docker-volume-ftp-driver/internal/statemngr/mocks/StateManager.go:33.8,35.3 1 0
github.com/t1d333/docker-volume-ftp-driver/internal/statemngr/mocks/StateManager.go:45.18,49.19 3 0
github.com/t1d333/docker-volume-ftp-driver/internal/statemngr/mocks/StateManager.go:51.2,51.13 1 0
github.com/t1d333/docker-volume-ftp-driver/internal/statemngr/mocks/StateManager.go:49.19,49.49 1 0
github.com/t1d333/docker-volume-ftp-driver/internal/ftpmngr/ftpmngr_impl.go:23.50,25.2 1 0
github.com/t1d333/docker-volume-ftp-driver/internal/ftpmngr/ftpmngr_impl.go:27.54,29.2 1 0
github.com/t1d333/docker-volume-ftp-driver/internal/ftpmngr/ftpmngr_impl.go:31.74,33.16 2 0
github.com/t1d333/docker-volume-ftp-driver/internal/ftpmngr/ftpmngr_impl.go:38.2,38.59 1 0
github.com/t1d333/docker-volume-ftp-driver/internal/ftpmngr/ftpmngr_impl.go:43.2,43.12 1 0
github.com/t1d333/docker-volume-ftp-driver/internal/ftpmngr/ftpmngr_impl.go:33.16,36.3 2 0
github.com/t1d333/docker-volume-ftp-driver/internal/ftpmngr/ftpmngr_impl.go:38.59,41.3 2 0
github.com/t1d333/docker-volume-ftp-driver/pkg/logger/logger.go:9.43,16.2 6 0
github.com/t1d333/docker-volume-ftp-driver/cmd/driver/main.go:23.13,27.16 4 0
github.com/t1d333/docker-volume-ftp-driver/cmd/driver/main.go:31.2,34.16 4 0
github.com/t1d333/docker-volume-ftp-driver/cmd/driver/main.go:39.2,45.61 6 0
github.com/t1d333/docker-volume-ftp-driver/cmd/driver/main.go:27.16,30.3 2 0
github.com/t1d333/docker-volume-ftp-driver/cmd/driver/main.go:34.16,37.3 2 0
github.com/t1d333/docker-volume-ftp-driver/cmd/driver/main.go:45.61,47.3 1 0
github.com/t1d333/docker-volume-ftp-driver/internal/volume/driver.go:13.83,15.2 1 1
github.com/t1d333/docker-volume-ftp-driver/internal/volume/driver.go:17.61,20.2 2 1
github.com/t1d333/docker-volume-ftp-driver/internal/volume/driver.go:22.58,26.2 3 1
github.com/t1d333/docker-volume-ftp-driver/internal/volume/driver.go:28.78,32.2 3 1
github.com/t1d333/docker-volume-ftp-driver/internal/volume/driver.go:34.61,37.2 2 1
github.com/t1d333/docker-volume-ftp-driver/internal/volume/driver.go:39.81,43.2 3 1
github.com/t1d333/docker-volume-ftp-driver/internal/volume/driver.go:45.84,49.2 3 1
github.com/t1d333/docker-volume-ftp-driver/internal/volume/driver.go:51.63,54.2 2 1
github.com/t1d333/docker-volume-ftp-driver/internal/volume/driver.go:56.65,60.2 3 1
github.com/t1d333/docker-volume-ftp-driver/internal/statemngr/statemngr_impl.go:30.118,33.78 3 0
github.com/t1d333/docker-volume-ftp-driver/internal/statemngr/statemngr_impl.go:37.2,43.8 1 0
github.com/t1d333/docker-volume-ftp-driver/internal/statemngr/statemngr_impl.go:33.78,35.3 1 0
github.com/t1d333/docker-volume-ftp-driver/internal/statemngr/statemngr_impl.go:46.44,48.16 2 0
github.com/t1d333/docker-volume-ftp-driver/internal/statemngr/statemngr_impl.go:52.2,52.35 1 0
github.com/t1d333/docker-volume-ftp-driver/internal/statemngr/statemngr_impl.go:61.2,61.12 1 0
github.com/t1d333/docker-volume-ftp-driver/internal/statemngr/statemngr_impl.go:48.16,50.3 1 0
github.com/t1d333/docker-volume-ftp-driver/internal/statemngr/statemngr_impl.go:52.35,54.9 2 0
github.com/t1d333/docker-volume-ftp-driver/internal/statemngr/statemngr_impl.go:54.9,55.56 1 0
github.com/t1d333/docker-volume-ftp-driver/internal/statemngr/statemngr_impl.go:55.56,57.5 1 0
github.com/t1d333/docker-volume-ftp-driver/internal/statemngr/statemngr_impl.go:64.44,70.34 4 0
github.com/t1d333/docker-volume-ftp-driver/internal/statemngr/statemngr_impl.go:78.2,79.16 2 0
github.com/t1d333/docker-volume-ftp-driver/internal/statemngr/statemngr_impl.go:83.2,84.16 2 0
github.com/t1d333/docker-volume-ftp-driver/internal/statemngr/statemngr_impl.go:88.2,88.77 1 0
github.com/t1d333/docker-volume-ftp-driver/internal/statemngr/statemngr_impl.go:92.2,92.77 1 0
github.com/t1d333/docker-volume-ftp-driver/internal/statemngr/statemngr_impl.go:96.2,96.12 1 0
github.com/t1d333/docker-volume-ftp-driver/internal/statemngr/statemngr_impl.go:70.34,73.21 3 0
github.com/t1d333/docker-volume-ftp-driver/internal/statemngr/statemngr_impl.go:73.21,75.4 1 0
github.com/t1d333/docker-volume-ftp-driver/internal/statemngr/statemngr_impl.go:79.16,81.3 1 0
github.com/t1d333/docker-volume-ftp-driver/internal/statemngr/statemngr_impl.go:84.16,86.3 1 0
github.com/t1d333/docker-volume-ftp-driver/internal/statemngr/statemngr_impl.go:88.77,90.3 1 0
github.com/t1d333/docker-volume-ftp-driver/internal/statemngr/statemngr_impl.go:92.77,94.3 1 0
github.com/t1d333/docker-volume-ftp-driver/internal/statemngr/statemngr_impl.go:99.105,105.16 4 0
github.com/t1d333/docker-volume-ftp-driver/internal/statemngr/statemngr_impl.go:113.2,113.55 1 0
github.com/t1d333/docker-volume-ftp-driver/internal/statemngr/statemngr_impl.go:117.2,118.16 2 0
github.com/t1d333/docker-volume-ftp-driver/internal/statemngr/statemngr_impl.go:126.2,126.55 1 0
github.com/t1d333/docker-volume-ftp-driver/internal/statemngr/statemngr_impl.go:130.2,130.30 1 0
github.com/t1d333/docker-volume-ftp-driver/internal/statemngr/statemngr_impl.go:105.16,106.25 1 0
github.com/t1d333/docker-volume-ftp-driver/internal/statemngr/statemngr_impl.go:106.25,108.4 1 0
github.com/t1d333/docker-volume-ftp-driver/internal/statemngr/statemngr_impl.go:108.9,110.4 1 0
github.com/t1d333/docker-volume-ftp-driver/internal/statemngr/statemngr_impl.go:113.55,115.3 1 0
github.com/t1d333/docker-volume-ftp-driver/internal/statemngr/statemngr_impl.go:118.16,119.25 1 0
github.com/t1d333/docker-volume-ftp-driver/internal/statemngr/statemngr_impl.go:119.25,121.4 1 0
github.com/t1d333/docker-volume-ftp-driver/internal/statemngr/statemngr_impl.go:121.9,123.4 1 0
github.com/t1d333/docker-volume-ftp-driver/internal/statemngr/statemngr_impl.go:126.55,128.3 1 0
github.com/t1d333/docker-volume-ftp-driver/internal/volume/repository/in_memory_rep.go:22.81,24.2 1 0
github.com/t1d333/docker-volume-ftp-driver/internal/volume/repository/in_memory_rep.go:26.80,27.28 1 0
github.com/t1d333/docker-volume-ftp-driver/internal/volume/repository/in_memory_rep.go:30.2,31.8 2 0
github.com/t1d333/docker-volume-ftp-driver/internal/volume/repository/in_memory_rep.go:35.2,36.12 2 0
github.com/t1d333/docker-volume-ftp-driver/internal/volume/repository/in_memory_rep.go:27.28,29.3 1 0
github.com/t1d333/docker-volume-ftp-driver/internal/volume/repository/in_memory_rep.go:31.8,33.3 1 0
github.com/t1d333/docker-volume-ftp-driver/internal/volume/repository/in_memory_rep.go:39.74,42.2 2 0
github.com/t1d333/docker-volume-ftp-driver/internal/volume/repository/in_memory_rep.go:44.55,46.48 2 0
github.com/t1d333/docker-volume-ftp-driver/internal/volume/repository/in_memory_rep.go:51.2,51.17 1 0
github.com/t1d333/docker-volume-ftp-driver/internal/volume/repository/in_memory_rep.go:46.48,49.3 2 0
github.com/t1d333/docker-volume-ftp-driver/internal/volume/repository/in_memory_rep.go:54.63,56.9 2 0
github.com/t1d333/docker-volume-ftp-driver/internal/volume/repository/in_memory_rep.go:60.2,60.34 1 0
github.com/t1d333/docker-volume-ftp-driver/internal/volume/repository/in_memory_rep.go:56.9,58.3 1 0
github.com/t1d333/docker-volume-ftp-driver/internal/volume/repository/in_memory_rep.go:63.48,64.39 1 0
github.com/t1d333/docker-volume-ftp-driver/internal/volume/repository/in_memory_rep.go:68.2,68.21 1 0
github.com/t1d333/docker-volume-ftp-driver/internal/volume/repository/in_memory_rep.go:72.2,74.12 2 0
github.com/t1d333/docker-volume-ftp-driver/internal/volume/repository/in_memory_rep.go:64.39,66.3 1 0
github.com/t1d333/docker-volume-ftp-driver/internal/volume/repository/in_memory_rep.go:68.21,70.3 1 0
github.com/t1d333/docker-volume-ftp-driver/internal/volume/repository/in_memory_rep.go:77.56,79.9 2 0
github.com/t1d333/docker-volume-ftp-driver/internal/volume/repository/in_memory_rep.go:83.2,84.28 2 0
github.com/t1d333/docker-volume-ftp-driver/internal/volume/repository/in_memory_rep.go:79.9,81.3 1 0
github.com/t1d333/docker-volume-ftp-driver/internal/volume/repository/in_memory_rep.go:87.68,89.8 2 0
github.com/t1d333/docker-volume-ftp-driver/internal/volume/repository/in_memory_rep.go:103.2,103.12 1 0
github.com/t1d333/docker-volume-ftp-driver/internal/volume/repository/in_memory_rep.go:89.8,93.9 3 0
github.com/t1d333/docker-volume-ftp-driver/internal/volume/repository/in_memory_rep.go:93.9,95.4 1 0
github.com/t1d333/docker-volume-ftp-driver/internal/volume/repository/in_memory_rep.go:97.8,101.3 3 0
github.com/t1d333/docker-volume-ftp-driver/internal/volume/repository/in_memory_rep.go:106.48,108.9 2 0
github.com/t1d333/docker-volume-ftp-driver/internal/volume/repository/in_memory_rep.go:112.2,113.22 2 0
github.com/t1d333/docker-volume-ftp-driver/internal/volume/repository/in_memory_rep.go:108.9,110.3 1 0
github.com/t1d333/docker-volume-ftp-driver/internal/volume/repository/in_memory_rep.go:116.53,118.9 2 0
github.com/t1d333/docker-volume-ftp-driver/internal/volume/repository/in_memory_rep.go:130.2,130.12 1 0
github.com/t1d333/docker-volume-ftp-driver/internal/volume/repository/in_memory_rep.go:118.9,120.3 1 0
github.com/t1d333/docker-volume-ftp-driver/internal/volume/repository/in_memory_rep.go:120.8,123.9 3 0
github.com/t1d333/docker-volume-ftp-driver/internal/volume/repository/in_memory_rep.go:123.9,125.4 1 0
github.com/t1d333/docker-volume-ftp-driver/internal/volume/repository/in_memory_rep.go:125.9,127.4 1 0
github.com/t1d333/docker-volume-ftp-driver/internal/volume/repository/in_memory_rep.go:133.62,135.8 2 0
github.com/t1d333/docker-volume-ftp-driver/internal/volume/repository/in_memory_rep.go:146.2,146.19 1 0
github.com/t1d333/docker-volume-ftp-driver/internal/volume/repository/in_memory_rep.go:135.8,139.39 3 0
github.com/t1d333/docker-volume-ftp-driver/internal/volume/repository/in_memory_rep.go:143.3,143.14 1 0
github.com/t1d333/docker-volume-ftp-driver/internal/volume/repository/in_memory_rep.go:139.39,142.4 2 0
github.com/t1d333/docker-volume-ftp-driver/internal/mountmngr/mocks/MountManager.go:18.94,23.92 4 0
github.com/t1d333/docker-volume-ftp-driver/internal/mountmngr/mocks/MountManager.go:26.2,26.83 1 0
github.com/t1d333/docker-volume-ftp-driver/internal/mountmngr/mocks/MountManager.go:32.2,32.82 1 0
github.com/t1d333/docker-volume-ftp-driver/internal/mountmngr/mocks/MountManager.go:38.2,38.15 1 0
github.com/t1d333/docker-volume-ftp-driver/internal/mountmngr/mocks/MountManager.go:23.92,25.3 1 0
github.com/t1d333/docker-volume-ftp-driver/internal/mountmngr/mocks/MountManager.go:26.83,28.3 1 0
github.com/t1d333/docker-volume-ftp-driver/internal/mountmngr/mocks/MountManager.go:28.8,30.3 1 0
github.com/t1d333/docker-volume-ftp-driver/internal/mountmngr/mocks/MountManager.go:32.82,34.3 1 0
github.com/t1d333/docker-volume-ftp-driver/internal/mountmngr/mocks/MountManager.go:34.8,36.3 1 0
github.com/t1d333/docker-volume-ftp-driver/internal/mountmngr/mocks/MountManager.go:42.58,46.59 3 0
github.com/t1d333/docker-volume-ftp-driver/internal/mountmngr/mocks/MountManager.go:52.2,52.11 1 0
github.com/t1d333/docker-volume-ftp-driver/internal/mountmngr/mocks/MountManager.go:46.59,48.3 1 0
github.com/t1d333/docker-volume-ftp-driver/internal/mountmngr/mocks/MountManager.go:48.8,50.3 1 0
github.com/t1d333/docker-volume-ftp-driver/internal/mountmngr/mocks/MountManager.go:56.59,60.59 3 0
github.com/t1d333/docker-volume-ftp-driver/internal/mountmngr/mocks/MountManager.go:66.2,66.11 1 0
github.com/t1d333/docker-volume-ftp-driver/internal/mountmngr/mocks/MountManager.go:60.59,62.3 1 0
github.com/t1d333/docker-volume-ftp-driver/internal/mountmngr/mocks/MountManager.go:62.8,64.3 1 0
github.com/t1d333/docker-volume-ftp-driver/internal/mountmngr/mocks/MountManager.go:74.18,78.19 3 0
github.com/t1d333/docker-volume-ftp-driver/internal/mountmngr/mocks/MountManager.go:80.2,80.13 1 0
github.com/t1d333/docker-volume-ftp-driver/internal/mountmngr/mocks/MountManager.go:78.19,78.49 1 0
github.com/t1d333/docker-volume-ftp-driver/internal/mountmngr/mountmngr_impl.go:27.58,29.2 1 0
github.com/t1d333/docker-volume-ftp-driver/internal/mountmngr/mountmngr_impl.go:31.93,32.58 1 0
github.com/t1d333/docker-volume-ftp-driver/internal/mountmngr/mountmngr_impl.go:36.2,40.34 3 0
github.com/t1d333/docker-volume-ftp-driver/internal/mountmngr/mountmngr_impl.go:44.2,44.28 1 0
github.com/t1d333/docker-volume-ftp-driver/internal/mountmngr/mountmngr_impl.go:32.58,34.3 1 0
github.com/t1d333/docker-volume-ftp-driver/internal/mountmngr/mountmngr_impl.go:40.34,42.3 1 0
github.com/t1d333/docker-volume-ftp-driver/internal/mountmngr/mountmngr_impl.go:47.61,49.34 2 0
github.com/t1d333/docker-volume-ftp-driver/internal/mountmngr/mountmngr_impl.go:53.2,53.56 1 0
github.com/t1d333/docker-volume-ftp-driver/internal/mountmngr/mountmngr_impl.go:57.2,57.12 1 0
github.com/t1d333/docker-volume-ftp-driver/internal/mountmngr/mountmngr_impl.go:49.34,51.3 1 0
github.com/t1d333/docker-volume-ftp-driver/internal/mountmngr/mountmngr_impl.go:53.56,55.3 1 0
github.com/t1d333/docker-volume-ftp-driver/internal/mountmngr/mountmngr_impl.go:60.60,61.56 1 0
github.com/t1d333/docker-volume-ftp-driver/internal/mountmngr/mountmngr_impl.go:65.2,65.12 1 0
github.com/t1d333/docker-volume-ftp-driver/internal/mountmngr/mountmngr_impl.go:61.56,63.3 1 0
github.com/t1d333/docker-volume-ftp-driver/internal/ftpmngr/ftpmngr_impl.go:23.50,25.2 1 0
github.com/t1d333/docker-volume-ftp-driver/internal/ftpmngr/ftpmngr_impl.go:27.54,29.2 1 0
github.com/t1d333/docker-volume-ftp-driver/internal/ftpmngr/ftpmngr_impl.go:31.74,33.16 2 0
github.com/t1d333/docker-volume-ftp-driver/internal/ftpmngr/ftpmngr_impl.go:38.2,38.59 1 0
github.com/t1d333/docker-volume-ftp-driver/internal/ftpmngr/ftpmngr_impl.go:43.2,43.12 1 0
github.com/t1d333/docker-volume-ftp-driver/internal/ftpmngr/ftpmngr_impl.go:33.16,36.3 2 0
github.com/t1d333/docker-volume-ftp-driver/internal/ftpmngr/ftpmngr_impl.go:38.59,41.3 2 0
github.com/t1d333/docker-volume-ftp-driver/internal/statemngr/statemngr_impl.go:30.118,33.78 3 0
github.com/t1d333/docker-volume-ftp-driver/internal/statemngr/statemngr_impl.go:37.2,43.8 1 0
github.com/t1d333/docker-volume-ftp-driver/internal/statemngr/statemngr_impl.go:33.78,35.3 1 0
github.com/t1d333/docker-volume-ftp-driver/internal/statemngr/statemngr_impl.go:46.44,48.16 2 0
github.com/t1d333/docker-volume-ftp-driver/internal/statemngr/statemngr_impl.go:52.2,52.35 1 0
github.com/t1d333/docker-volume-ftp-driver/internal/statemngr/statemngr_impl.go:61.2,61.12 1 0
github.com/t1d333/docker-volume-ftp-driver/internal/statemngr/statemngr_impl.go:48.16,50.3 1 0
github.com/t1d333/docker-volume-ftp-driver/internal/statemngr/statemngr_impl.go:52.35,54.9 2 0
github.com/t1d333/docker-volume-ftp-driver/internal/statemngr/statemngr_impl.go:54.9,55.56 1 0
github.com/t1d333/docker-volume-ftp-driver/internal/statemngr/statemngr_impl.go:55.56,57.5 1 0
github.com/t1d333/docker-volume-ftp-driver/internal/statemngr/statemngr_impl.go:64.44,70.34 4 0
github.com/t1d333/docker-volume-ftp-driver/internal/statemngr/statemngr_impl.go:78.2,79.16 2 0
github.com/t1d333/docker-volume-ftp-driver/internal/statemngr/statemngr_impl.go:83.2,84.16 2 0
github.com/t1d333/docker-volume-ftp-driver/internal/statemngr/statemngr_impl.go:88.2,88.77 1 0
github.com/t1d333/docker-volume-ftp-driver/internal/statemngr/statemngr_impl.go:92.2,92.77 1 0
github.com/t1d333/docker-volume-ftp-driver/internal/statemngr/statemngr_impl.go:96.2,96.12 1 0
github.com/t1d333/docker-volume-ftp-driver/internal/statemngr/statemngr_impl.go:70.34,73.21 3 0
github.com/t1d333/docker-volume-ftp-driver/internal/statemngr/statemngr_impl.go:73.21,75.4 1 0
github.com/t1d333/docker-volume-ftp-driver/internal/statemngr/statemngr_impl.go:79.16,81.3 1 0
github.com/t1d333/docker-volume-ftp-driver/internal/statemngr/statemngr_impl.go:84.16,86.3 1 0
github.com/t1d333/docker-volume-ftp-driver/internal/statemngr/statemngr_impl.go:88.77,90.3 1 0
github.com/t1d333/docker-volume-ftp-driver/internal/statemngr/statemngr_impl.go:92.77,94.3 1 0
github.com/t1d333/docker-volume-ftp-driver/internal/statemngr/statemngr_impl.go:99.105,105.16 4 0
github.com/t1d333/docker-volume-ftp-driver/internal/statemngr/statemngr_impl.go:113.2,113.55 1 0
github.com/t1d333/docker-volume-ftp-driver/internal/statemngr/statemngr_impl.go:117.2,118.16 2 0
github.com/t1d333/docker-volume-ftp-driver/internal/statemngr/statemngr_impl.go:126.2,126.55 1 0
github.com/t1d333/docker-volume-ftp-driver/internal/statemngr/statemngr_impl.go:130.2,130.30 1 0
github.com/t1d333/docker-volume-ftp-driver/internal/statemngr/statemngr_impl.go:105.16,106.25 1 0
github.com/t1d333/docker-volume-ftp-driver/internal/statemngr/statemngr_impl.go:106.25,108.4 1 0
github.com/t1d333/docker-volume-ftp-driver/internal/statemngr/statemngr_impl.go:108.9,110.4 1 0
github.com/t1d333/docker-volume-ftp-driver/internal/statemngr/statemngr_impl.go:113.55,115.3 1 0
github.com/t1d333/docker-volume-ftp-driver/internal/statemngr/statemngr_impl.go:118.16,119.25 1 0
github.com/t1d333/docker-volume-ftp-driver/internal/statemngr/statemngr_impl.go:119.25,121.4 1 0
github.com/t1d333/docker-volume-ftp-driver/internal/statemngr/statemngr_impl.go:121.9,123.4 1 0
github.com/t1d333/docker-volume-ftp-driver/internal/statemngr/statemngr_impl.go:126.55,128.3 1 0
github.com/t1d333/docker-volume-ftp-driver/internal/volume/mocks/VolumeService.go:16.59,20.57 3 0
github.com/t1d333/docker-volume-ftp-driver/internal/volume/mocks/VolumeService.go:26.2,26.11 1 0
github.com/t1d333/docker-volume-ftp-driver/internal/volume/mocks/VolumeService.go:20.57,22.3 1 0
github.com/t1d333/docker-volume-ftp-driver/internal/volume/mocks/VolumeService.go:22.8,24.3 1 0
github.com/t1d333/docker-volume-ftp-driver/internal/volume/mocks/VolumeService.go:30.75,34.70 3 0
github.com/t1d333/docker-volume-ftp-driver/internal/volume/mocks/VolumeService.go:40.2,40.11 1 0
github.com/t1d333/docker-volume-ftp-driver/internal/volume/mocks/VolumeService.go:34.70,36.3 1 0
github.com/t1d333/docker-volume-ftp-driver/internal/volume/mocks/VolumeService.go:36.8,38.3 1 0
github.com/t1d333/docker-volume-ftp-driver/internal/volume/mocks/VolumeService.go:44.67,49.69 4 0
github.com/t1d333/docker-volume-ftp-driver/internal/volume/mocks/VolumeService.go:52.2,52.60 1 0
github.com/t1d333/docker-volume-ftp-driver/internal/volume/mocks/VolumeService.go:60.2,60.51 1 0
github.com/t1d333/docker-volume-ftp-driver/internal/volume/mocks/VolumeService.go:66.2,66.15 1 0
github.com/t1d333/docker-volume-ftp-driver/internal/volume/mocks/VolumeService.go:49.69,51.3 1 0
github.com/t1d333/docker-volume-ftp-driver/internal/volume/mocks/VolumeService.go:52.60,54.3 1 0
github.com/t1d333/docker-volume-ftp-driver/internal/volume/mocks/VolumeService.go:54.8,55.24 1 0
github.com/t1d333/docker-volume-ftp-driver/internal/volume/mocks/VolumeService.go:55.24,57.4 1 0
github.com/t1d333/docker-volume-ftp-driver/internal/volume/mocks/VolumeService.go:60.51,62.3 1 0
github.com/t1d333/docker-volume-ftp-driver/internal/volume/mocks/VolumeService.go:62.8,64.3 1 0
github.com/t1d333/docker-volume-ftp-driver/internal/volume/mocks/VolumeService.go:70.59,75.65 4 0
github.com/t1d333/docker-volume-ftp-driver/internal/volume/mocks/VolumeService.go:78.2,78.56 1 0
github.com/t1d333/docker-volume-ftp-driver/internal/volume/mocks/VolumeService.go:86.2,86.45 1 0
github.com/t1d333/docker-volume-ftp-driver/internal/volume/mocks/VolumeService.go:92.2,92.15 1 0
github.com/t1d333/docker-volume-ftp-driver/internal/volume/mocks/VolumeService.go:75.65,77.3 1 0
github.com/t1d333/docker-volume-ftp-driver/internal/volume/mocks/VolumeService.go:78.56,80.3 1 0
github.com/t1d333/docker-volume-ftp-driver/internal/volume/mocks/VolumeService.go:80.8,81.24 1 0
github.com/t1d333/docker-volume-ftp-driver/internal/volume/mocks/VolumeService.go:81.24,83.4 1 0
github.com/t1d333/docker-volume-ftp-driver/internal/volume/mocks/VolumeService.go:86.45,88.3 1 0
github.com/t1d333/docker-volume-ftp-driver/internal/volume/mocks/VolumeService.go:88.8,90.3 1 0
github.com/t1d333/docker-volume-ftp-driver/internal/volume/mocks/VolumeService.go:96.72,101.69 4 0
github.com/t1d333/docker-volume-ftp-driver/internal/volume/mocks/VolumeService.go:104.2,104.60 1 0
github.com/t1d333/docker-volume-ftp-driver/internal/volume/mocks/VolumeService.go:110.2,110.59 1 0
github.com/t1d333/docker-volume-ftp-driver/internal/volume/mocks/VolumeService.go:116.2,116.15 1 0
github.com/t1d333/docker-volume-ftp-driver/internal/volume/mocks/VolumeService.go:101.69,103.3 1 0
github.com/t1d333/docker-volume-ftp-driver/internal/volume/mocks/VolumeService.go:104.60,106.3 1 0
github.com/t1d333/docker-volume-ftp-driver/internal/volume/mocks/VolumeService.go:106.8,108.3 1 0
github.com/t1d333/docker-volume-ftp-driver/internal/volume/mocks/VolumeService.go:110.59,112.3 1 0
github.com/t1d333/docker-volume-ftp-driver/internal/volume/mocks/VolumeService.go:112.8,114.3 1 0
github.com/t1d333/docker-volume-ftp-driver/internal/volume/mocks/VolumeService.go:120.60,125.61 4 0
github.com/t1d333/docker-volume-ftp-driver/internal/volume/mocks/VolumeService.go:128.2,128.52 1 0
github.com/t1d333/docker-volume-ftp-driver/internal/volume/mocks/VolumeService.go:134.2,134.51 1 0
github.com/t1d333/docker-volume-ftp-driver/internal/volume/mocks/VolumeService.go:140.2,140.15 1 0
github.com/t1d333/docker-volume-ftp-driver/internal/volume/mocks/VolumeService.go:125.61,127.3 1 0
github.com/t1d333/docker-volume-ftp-driver/internal/volume/mocks/VolumeService.go:128.52,130.3 1 0
github.com/t1d333/docker-volume-ftp-driver/internal/volume/mocks/VolumeService.go:130.8,132.3 1 0
github.com/t1d333/docker-volume-ftp-driver/internal/volume/mocks/VolumeService.go:134.51,136.3 1 0
github.com/t1d333/docker-volume-ftp-driver/internal/volume/mocks/VolumeService.go:136.8,138.3 1 0
github.com/t1d333/docker-volume-ftp-driver/internal/volume/mocks/VolumeService.go:144.52,148.51 3 0
github.com/t1d333/docker-volume-ftp-driver/internal/volume/mocks/VolumeService.go:154.2,154.11 1 0
github.com/t1d333/docker-volume-ftp-driver/internal/volume/mocks/VolumeService.go:148.51,150.3 1 0
github.com/t1d333/docker-volume-ftp-driver/internal/volume/mocks/VolumeService.go:150.8,152.3 1 0
github.com/t1d333/docker-volume-ftp-driver/internal/volume/mocks/VolumeService.go:158.64,162.59 3 0
github.com/t1d333/docker-volume-ftp-driver/internal/volume/mocks/VolumeService.go:168.2,168.11 1 0
github.com/t1d333/docker-volume-ftp-driver/internal/volume/mocks/VolumeService.go:162.59,164.3 1 0
github.com/t1d333/docker-volume-ftp-driver/internal/volume/mocks/VolumeService.go:164.8,166.3 1 0
github.com/t1d333/docker-volume-ftp-driver/internal/volume/mocks/VolumeService.go:176.19,180.19 3 0
github.com/t1d333/docker-volume-ftp-driver/internal/volume/mocks/VolumeService.go:182.2,182.13 1 0
github.com/t1d333/docker-volume-ftp-driver/internal/volume/mocks/VolumeService.go:180.19,180.49 1 0
github.com/t1d333/docker-volume-ftp-driver/internal/volume/driver.go:13.83,15.2 1 0
github.com/t1d333/docker-volume-ftp-driver/internal/volume/driver.go:17.61,20.2 2 0
github.com/t1d333/docker-volume-ftp-driver/internal/volume/driver.go:22.58,26.2 3 0
github.com/t1d333/docker-volume-ftp-driver/internal/volume/driver.go:28.78,32.2 3 0
github.com/t1d333/docker-volume-ftp-driver/internal/volume/driver.go:34.61,37.2 2 0
github.com/t1d333/docker-volume-ftp-driver/internal/volume/driver.go:39.81,43.2 3 0
github.com/t1d333/docker-volume-ftp-driver/internal/volume/driver.go:45.84,49.2 3 0
github.com/t1d333/docker-volume-ftp-driver/internal/volume/driver.go:51.63,54.2 2 0
github.com/t1d333/docker-volume-ftp-driver/internal/volume/driver.go:56.65,60.2 3 0
github.com/t1d333/docker-volume-ftp-driver/cmd/driver/main.go:23.13,27.16 4 0
github.com/t1d333/docker-volume-ftp-driver/cmd/driver/main.go:31.2,34.16 4 0
github.com/t1d333/docker-volume-ftp-driver/cmd/driver/main.go:39.2,45.61 6 0
github.com/t1d333/docker-volume-ftp-driver/cmd/driver/main.go:27.16,30.3 2 0
github.com/t1d333/docker-volume-ftp-driver/cmd/driver/main.go:34.16,37.3 2 0
github.com/t1d333/docker-volume-ftp-driver/cmd/driver/main.go:45.61,47.3 1 0
github.com/t1d333/docker-volume-ftp-driver/internal/ftpmngr/mocks/FTPManager.go:16.75,20.69 3 0
github.com/t1d333/docker-volume-ftp-driver/internal/ftpmngr/mocks/FTPManager.go:26.2,26.11 1 0
github.com/t1d333/docker-volume-ftp-driver/internal/ftpmngr/mocks/FTPManager.go:20.69,22.3 1 0
github.com/t1d333/docker-volume-ftp-driver/internal/ftpmngr/mocks/FTPManager.go:22.8,24.3 1 0
github.com/t1d333/docker-volume-ftp-driver/internal/ftpmngr/mocks/FTPManager.go:34.16,38.19 3 0
github.com/t1d333/docker-volume-ftp-driver/internal/ftpmngr/mocks/FTPManager.go:40.2,40.13 1 0
github.com/t1d333/docker-volume-ftp-driver/internal/ftpmngr/mocks/FTPManager.go:38.19,38.49 1 0
github.com/t1d333/docker-volume-ftp-driver/internal/mountmngr/mocks/MountManager.go:18.94,23.92 4 0
github.com/t1d333/docker-volume-ftp-driver/internal/mountmngr/mocks/MountManager.go:26.2,26.83 1 0
github.com/t1d333/docker-volume-ftp-driver/internal/mountmngr/mocks/MountManager.go:32.2,32.82 1 0
github.com/t1d333/docker-volume-ftp-driver/internal/mountmngr/mocks/MountManager.go:38.2,38.15 1 0
github.com/t1d333/docker-volume-ftp-driver/internal/mountmngr/mocks/MountManager.go:23.92,25.3 1 0
github.com/t1d333/docker-volume-ftp-driver/internal/mountmngr/mocks/MountManager.go:26.83,28.3 1 0
github.com/t1d333/docker-volume-ftp-driver/internal/mountmngr/mocks/MountManager.go:28.8,30.3 1 0
github.com/t1d333/docker-volume-ftp-driver/internal/mountmngr/mocks/MountManager.go:32.82,34.3 1 0
github.com/t1d333/docker-volume-ftp-driver/internal/mountmngr/mocks/MountManager.go:34.8,36.3 1 0
github.com/t1d333/docker-volume-ftp-driver/internal/mountmngr/mocks/MountManager.go:42.58,46.59 3 0
github.com/t1d333/docker-volume-ftp-driver/internal/mountmngr/mocks/MountManager.go:52.2,52.11 1 0
github.com/t1d333/docker-volume-ftp-driver/internal/mountmngr/mocks/MountManager.go:46.59,48.3 1 0
github.com/t1d333/docker-volume-ftp-driver/internal/mountmngr/mocks/MountManager.go:48.8,50.3 1 0
github.com/t1d333/docker-volume-ftp-driver/internal/mountmngr/mocks/MountManager.go:56.59,60.59 3 0
github.com/t1d333/docker-volume-ftp-driver/internal/mountmngr/mocks/MountManager.go:66.2,66.11 1 0
github.com/t1d333/docker-volume-ftp-driver/internal/mountmngr/mocks/MountManager.go:60.59,62.3 1 0
github.com/t1d333/docker-volume-ftp-driver/internal/mountmngr/mocks/MountManager.go:62.8,64.3 1 0
github.com/t1d333/docker-volume-ftp-driver/internal/mountmngr/mocks/MountManager.go:74.18,78.19 3 0
github.com/t1d333/docker-volume-ftp-driver/internal/mountmngr/mocks/MountManager.go:80.2,80.13 1 0
github.com/t1d333/docker-volume-ftp-driver/internal/mountmngr/mocks/MountManager.go:78.19,78.49 1 0
github.com/t1d333/docker-volume-ftp-driver/internal/volume/repository/in_memory_rep.go:22.81,24.2 1 1
github.com/t1d333/docker-volume-ftp-driver/internal/volume/repository/in_memory_rep.go:26.80,27.28 1 1
github.com/t1d333/docker-volume-ftp-driver/internal/volume/repository/in_memory_rep.go:30.2,31.8 2 1
github.com/t1d333/docker-volume-ftp-driver/internal/volume/repository/in_memory_rep.go:35.2,36.12 2 1
github.com/t1d333/docker-volume-ftp-driver/internal/volume/repository/in_memory_rep.go:27.28,29.3 1 1
github.com/t1d333/docker-volume-ftp-driver/internal/volume/repository/in_memory_rep.go:31.8,33.3 1 1
github.com/t1d333/docker-volume-ftp-driver/internal/volume/repository/in_memory_rep.go:39.74,42.2 2 1
github.com/t1d333/docker-volume-ftp-driver/internal/volume/repository/in_memory_rep.go:44.55,46.48 2 1
github.com/t1d333/docker-volume-ftp-driver/internal/volume/repository/in_memory_rep.go:51.2,51.17 1 1
github.com/t1d333/docker-volume-ftp-driver/internal/volume/repository/in_memory_rep.go:46.48,49.3 2 1
github.com/t1d333/docker-volume-ftp-driver/internal/volume/repository/in_memory_rep.go:54.63,56.9 2 1
github.com/t1d333/docker-volume-ftp-driver/internal/volume/repository/in_memory_rep.go:60.2,60.34 1 1
github.com/t1d333/docker-volume-ftp-driver/internal/volume/repository/in_memory_rep.go:56.9,58.3 1 1
github.com/t1d333/docker-volume-ftp-driver/internal/volume/repository/in_memory_rep.go:63.48,64.39 1 1
github.com/t1d333/docker-volume-ftp-driver/internal/volume/repository/in_memory_rep.go:68.2,68.21 1 1
github.com/t1d333/docker-volume-ftp-driver/internal/volume/repository/in_memory_rep.go:72.2,74.12 2 1
github.com/t1d333/docker-volume-ftp-driver/internal/volume/repository/in_memory_rep.go:64.39,66.3 1 1
github.com/t1d333/docker-volume-ftp-driver/internal/volume/repository/in_memory_rep.go:68.21,70.3 1 1
github.com/t1d333/docker-volume-ftp-driver/internal/volume/repository/in_memory_rep.go:77.56,79.9 2 1
github.com/t1d333/docker-volume-ftp-driver/internal/volume/repository/in_memory_rep.go:83.2,84.28 2 1
github.com/t1d333/docker-volume-ftp-driver/internal/volume/repository/in_memory_rep.go:79.9,81.3 1 1
github.com/t1d333/docker-volume-ftp-driver/internal/volume/repository/in_memory_rep.go:87.68,89.8 2 1
github.com/t1d333/docker-volume-ftp-driver/internal/volume/repository/in_memory_rep.go:103.2,103.12 1 1
github.com/t1d333/docker-volume-ftp-driver/internal/volume/repository/in_memory_rep.go:89.8,93.9 3 1
github.com/t1d333/docker-volume-ftp-driver/internal/volume/repository/in_memory_rep.go:93.9,95.4 1 1
github.com/t1d333/docker-volume-ftp-driver/internal/volume/repository/in_memory_rep.go:97.8,101.3 3 1
github.com/t1d333/docker-volume-ftp-driver/internal/volume/repository/in_memory_rep.go:106.48,108.9 2 1
github.com/t1d333/docker-volume-ftp-driver/internal/volume/repository/in_memory_rep.go:112.2,113.22 2 1
github.com/t1d333/docker-volume-ftp-driver/internal/volume/repository/in_memory_rep.go:108.9,110.3 1 1
github.com/t1d333/docker-volume-ftp-driver/internal/volume/repository/in_memory_rep.go:116.53,118.9 2 1
github.com/t1d333/docker-volume-ftp-driver/internal/volume/repository/in_memory_rep.go:130.2,130.12 1 1
github.com/t1d333/docker-volume-ftp-driver/internal/volume/repository/in_memory_rep.go:118.9,120.3 1 1
github.com/t1d333/docker-volume-ftp-driver/internal/volume/repository/in_memory_rep.go:120.8,123.9 3 1
github.com/t1d333/docker-volume-ftp-driver/internal/volume/repository/in_memory_rep.go:123.9,125.4 1 1
github.com/t1d333/docker-volume-ftp-driver/internal/volume/repository/in_memory_rep.go:125.9,127.4 1 1
github.com/t1d333/docker-volume-ftp-driver/internal/volume/repository/in_memory_rep.go:133.62,135.8 2 1
github.com/t1d333/docker-volume-ftp-driver/internal/volume/repository/in_memory_rep.go:146.2,146.19 1 1
github.com/t1d333/docker-volume-ftp-driver/internal/volume/repository/in_memory_rep.go:135.8,139.39 3 1
github.com/t1d333/docker-volume-ftp-driver/internal/volume/repository/in_memory_rep.go:143.3,143.14 1 1
github.com/t1d333/docker-volume-ftp-driver/internal/volume/repository/in_memory_rep.go:139.39,142.4 2 1
github.com/t1d333/docker-volume-ftp-driver/internal/volume/service/ftp_service.go:28.235,38.49 2 0
github.com/t1d333/docker-volume-ftp-driver/internal/volume/service/ftp_service.go:49.2,49.18 1 0
github.com/t1d333/docker-volume-ftp-driver/internal/volume/service/ftp_service.go:38.49,39.10 1 0
github.com/t1d333/docker-volume-ftp-driver/internal/volume/service/ftp_service.go:40.63,41.20 1 0
github.com/t1d333/docker-volume-ftp-driver/internal/volume/service/ftp_service.go:42.62,43.20 1 0
github.com/t1d333/docker-volume-ftp-driver/internal/volume/service/ftp_service.go:44.11,45.20 1 0
github.com/t1d333/docker-volume-ftp-driver/internal/volume/service/ftp_service.go:52.68,55.9 2 0
github.com/t1d333/docker-volume-ftp-driver/internal/volume/service/ftp_service.go:59.2,61.34 2 0
github.com/t1d333/docker-volume-ftp-driver/internal/volume/service/ftp_service.go:67.2,67.34 1 0
github.com/t1d333/docker-volume-ftp-driver/internal/volume/service/ftp_service.go:73.2,73.34 1 0
github.com/t1d333/docker-volume-ftp-driver/internal/volume/service/ftp_service.go:83.2,83.42 1 0
github.com/t1d333/docker-volume-ftp-driver/internal/volume/service/ftp_service.go:89.2,89.62 1 0
github.com/t1d333/docker-volume-ftp-driver/internal/volume/service/ftp_service.go:93.2,106.53 3 0
github.com/t1d333/docker-volume-ftp-driver/internal/volume/service/ftp_service.go:110.2,110.51 1 0
github.com/t1d333/docker-volume-ftp-driver/internal/volume/service/ftp_service.go:114.2,114.12 1 0
github.com/t1d333/docker-volume-ftp-driver/internal/volume/service/ftp_service.go:55.9,57.3 1 0
github.com/t1d333/docker-volume-ftp-driver/internal/volume/service/ftp_service.go:61.34,63.3 1 0
github.com/t1d333/docker-volume-ftp-driver/internal/volume/service/ftp_service.go:63.8,65.3 1 0
github.com/t1d333/docker-volume-ftp-driver/internal/volume/service/ftp_service.go:67.34,69.3 1 0
github.com/t1d333/docker-volume-ftp-driver/internal/volume/service/ftp_service.go:69.8,71.3 1 0
github.com/t1d333/docker-volume-ftp-driver/internal/volume/service/ftp_service.go:73.34,75.3 1 0
github.com/t1d333/docker-volume-ftp-driver/internal/volume/service/ftp_service.go:75.8,77.17 2 0
github.com/t1d333/docker-volume-ftp-driver/internal/volume/service/ftp_service.go:80.3,80.21 1 0
github.com/t1d333/docker-volume-ftp-driver/internal/volume/service/ftp_service.go:77.17,79.4 1 0
github.com/t1d333/docker-volume-ftp-driver/internal/volume/service/ftp_service.go:83.42,85.3 1 0
github.com/t1d333/docker-volume-ftp-driver/internal/volume/service/ftp_service.go:85.8,87.3 1 0
github.com/t1d333/docker-volume-ftp-driver/internal/volume/service/ftp_service.go:89.62,91.3 1 0
github.com/t1d333/docker-volume-ftp-driver/internal/volume/service/ftp_service.go:106.53,108.3 1 0
github.com/t1d333/docker-volume-ftp-driver/internal/volume/service/ftp_service.go:110.51,112.3 1 0
github.com/t1d333/docker-volume-ftp-driver/internal/volume/service/ftp_service.go:117.52,119.2 1 0
github.com/t1d333/docker-volume-ftp-driver/internal/volume/service/ftp_service.go:121.60,123.2 1 0
github.com/t1d333/docker-volume-ftp-driver/internal/volume/service/ftp_service.go:125.45,127.16 2 0
github.com/t1d333/docker-volume-ftp-driver/internal/volume/service/ftp_service.go:132.2,132.45 1 0
github.com/t1d333/docker-volume-ftp-driver/internal/volume/service/ftp_service.go:137.2,137.43 1 0
github.com/t1d333/docker-volume-ftp-driver/internal/volume/service/ftp_service.go:141.2,141.54 1 0
github.com/t1d333/docker-volume-ftp-driver/internal/volume/service/ftp_service.go:146.2,146.51 1 0
github.com/t1d333/docker-volume-ftp-driver/internal/volume/service/ftp_service.go:150.2,150.12 1 0
github.com/t1d333/docker-volume-ftp-driver/internal/volume/service/ftp_service.go:127.16,130.3 2 0
github.com/t1d333/docker-volume-ftp-driver/internal/volume/service/ftp_service.go:132.45,135.3 2 0
github.com/t1d333/docker-volume-ftp-driver/internal/volume/service/ftp_service.go:137.43,139.3 1 0
github.com/t1d333/docker-volume-ftp-driver/internal/volume/service/ftp_service.go:141.54,144.3 2 0
github.com/t1d333/docker-volume-ftp-driver/internal/volume/service/ftp_service.go:146.51,148.3 1 0
github.com/t1d333/docker-volume-ftp-driver/internal/volume/service/ftp_service.go:153.53,155.2 1 0
github.com/t1d333/docker-volume-ftp-driver/internal/volume/service/ftp_service.go:157.58,159.16 2 0
github.com/t1d333/docker-volume-ftp-driver/internal/volume/service/ftp_service.go:163.2,163.32 1 0
github.com/t1d333/docker-volume-ftp-driver/internal/volume/service/ftp_service.go:167.2,167.48 1 0
github.com/t1d333/docker-volume-ftp-driver/internal/volume/service/ftp_service.go:171.2,175.16 3 0
github.com/t1d333/docker-volume-ftp-driver/internal/volume/service/ftp_service.go:179.2,179.18 1 0
github.com/t1d333/docker-volume-ftp-driver/internal/volume/service/ftp_service.go:159.16,161.3 1 0
github.com/t1d333/docker-volume-ftp-driver/internal/volume/service/ftp_service.go:163.32,165.3 1 0
github.com/t1d333/docker-volume-ftp-driver/internal/volume/service/ftp_service.go:167.48,169.3 1 0
github.com/t1d333/docker-volume-ftp-driver/internal/volume/service/ftp_service.go:175.16,177.3 1 0
github.com/t1d333/docker-volume-ftp-driver/internal/volume/service/ftp_service.go:182.50,184.16 2 0
github.com/t1d333/docker-volume-ftp-driver/internal/volume/service/ftp_service.go:188.2,188.33 1 0
github.com/t1d333/docker-volume-ftp-driver/internal/volume/service/ftp_service.go:192.2,192.48 1 0
github.com/t1d333/docker-volume-ftp-driver/internal/volume/service/ftp_service.go:196.2,196.59 1 0
github.com/t1d333/docker-volume-ftp-driver/internal/volume/service/ftp_service.go:201.2,201.55 1 0
github.com/t1d333/docker-volume-ftp-driver/internal/volume/service/ftp_service.go:205.2,205.12 1 0
github.com/t1d333/docker-volume-ftp-driver/internal/volume/service/ftp_service.go:184.16,186.3 1 0
github.com/t1d333/docker-volume-ftp-driver/internal/volume/service/ftp_service.go:188.33,190.3 1 0
github.com/t1d333/docker-volume-ftp-driver/internal/volume/service/ftp_service.go:192.48,194.3 1 0
github.com/t1d333/docker-volume-ftp-driver/internal/volume/service/ftp_service.go:196.59,199.3 2 0
github.com/t1d333/docker-volume-ftp-driver/internal/volume/service/ftp_service.go:201.55,203.3 1 0
github.com/t1d333/docker-volume-ftp-driver/internal/volume/service/ftp_service.go:208.52,210.2 1 0
github.com/t1d333/docker-volume-ftp-driver/pkg/logger/logger.go:9.43,16.2 6 0
github.com/t1d333/docker-volume-ftp-driver/internal/statemngr/mocks/StateManager.go:13.43,17.45 3 0
github.com/t1d333/docker-volume-ftp-driver/internal/statemngr/mocks/StateManager.go:23.2,23.11 1 0
github.com/t1d333/docker-volume-ftp-driver/internal/statemngr/mocks/StateManager.go:17.45,19.3 1 0
github.com/t1d333/docker-volume-ftp-driver/internal/statemngr/mocks/StateManager.go:19.8,21.3 1 0
github.com/t1d333/docker-volume-ftp-driver/internal/statemngr/mocks/StateManager.go:27.43,31.45 3 0
github.com/t1d333/docker-volume-ftp-driver/internal/statemngr/mocks/StateManager.go:37.2,37.11 1 0
github.com/t1d333/docker-volume-ftp-driver/internal/statemngr/mocks/StateManager.go:31.45,33.3 1 0
github.com/t1d333/docker-volume-ftp-driver/internal/statemngr/mocks/StateManager.go:33.8,35.3 1 0
github.com/t1d333/docker-volume-ftp-driver/internal/statemngr/mocks/StateManager.go:45.18,49.19 3 0
github.com/t1d333/docker-volume-ftp-driver/internal/statemngr/mocks/StateManager.go:51.2,51.13 1 0
github.com/t1d333/docker-volume-ftp-driver/internal/statemngr/mocks/StateManager.go:49.19,49.49 1 0
github.com/t1d333/docker-volume-ftp-driver/pkg/logger/logger.go:9.43,16.2 6 0
github.com/t1d333/docker-volume-ftp-driver/internal/ftpmngr/mocks/FTPManager.go:16.75,20.69 3 1
github.com/t1d333/docker-volume-ftp-driver/internal/ftpmngr/mocks/FTPManager.go:26.2,26.11 1 1
github.com/t1d333/docker-volume-ftp-driver/internal/ftpmngr/mocks/FTPManager.go:20.69,22.3 1 0
github.com/t1d333/docker-volume-ftp-driver/internal/ftpmngr/mocks/FTPManager.go:22.8,24.3 1 1
github.com/t1d333/docker-volume-ftp-driver/internal/ftpmngr/mocks/FTPManager.go:34.16,38.19 3 1
github.com/t1d333/docker-volume-ftp-driver/internal/ftpmngr/mocks/FTPManager.go:40.2,40.13 1 1
github.com/t1d333/docker-volume-ftp-driver/internal/ftpmngr/mocks/FTPManager.go:38.19,38.49 1 1
github.com/t1d333/docker-volume-ftp-driver/internal/volume/driver.go:13.83,15.2 1 0
github.com/t1d333/docker-volume-ftp-driver/internal/volume/driver.go:17.61,20.2 2 0
github.com/t1d333/docker-volume-ftp-driver/internal/volume/driver.go:22.58,26.2 3 0
github.com/t1d333/docker-volume-ftp-driver/internal/volume/driver.go:28.78,32.2 3 0
github.com/t1d333/docker-volume-ftp-driver/internal/volume/driver.go:34.61,37.2 2 0
github.com/t1d333/docker-volume-ftp-driver/internal/volume/driver.go:39.81,43.2 3 0
github.com/t1d333/docker-volume-ftp-driver/internal/volume/driver.go:45.84,49.2 3 0
github.com/t1d333/docker-volume-ftp-driver/internal/volume/driver.go:51.63,54.2 2 0
github.com/t1d333/docker-volume-ftp-driver/internal/volume/driver.go:56.65,60.2 3 0
github.com/t1d333/docker-volume-ftp-driver/cmd/driver/main.go:23.13,27.16 4 0
github.com/t1d333/docker-volume-ftp-driver/cmd/driver/main.go:31.2,34.16 4 0
github.com/t1d333/docker-volume-ftp-driver/cmd/driver/main.go:39.2,45.61 6 0
github.com/t1d333/docker-volume-ftp-driver/cmd/driver/main.go:27.16,30.3 2 0
github.com/t1d333/docker-volume-ftp-driver/cmd/driver/main.go:34.16,37.3 2 0
github.com/t1d333/docker-volume-ftp-driver/cmd/driver/main.go:45.61,47.3 1 0
github.com/t1d333/docker-volume-ftp-driver/internal/ftpmngr/ftpmngr_impl.go:23.50,25.2 1 0
github.com/t1d333/docker-volume-ftp-driver/internal/ftpmngr/ftpmngr_impl.go:27.54,29.2 1 0
github.com/t1d333/docker-volume-ftp-driver/internal/ftpmngr/ftpmngr_impl.go:31.74,33.16 2 0
github.com/t1d333/docker-volume-ftp-driver/internal/ftpmngr/ftpmngr_impl.go:38.2,38.59 1 0
github.com/t1d333/docker-volume-ftp-driver/internal/ftpmngr/ftpmngr_impl.go:43.2,43.12 1 0
github.com/t1d333/docker-volume-ftp-driver/internal/ftpmngr/ftpmngr_impl.go:33.16,36.3 2 0
github.com/t1d333/docker-volume-ftp-driver/internal/ftpmngr/ftpmngr_impl.go:38.59,41.3 2 0
github.com/t1d333/docker-volume-ftp-driver/internal/statemngr/statemngr_impl.go:30.118,33.78 3 0
github.com/t1d333/docker-volume-ftp-driver/internal/statemngr/statemngr_impl.go:37.2,43.8 1 0
github.com/t1d333/docker-volume-ftp-driver/internal/statemngr/statemngr_impl.go:33.78,35.3 1 0
github.com/t1d333/docker-volume-ftp-driver/internal/statemngr/statemngr_impl.go:46.44,48.16 2 0
github.com/t1d333/docker-volume-ftp-driver/internal/statemngr/statemngr_impl.go:52.2,52.35 1 0
github.com/t1d333/docker-volume-ftp-driver/internal/statemngr/statemngr_impl.go:61.2,61.12 1 0
github.com/t1d333/docker-volume-ftp-driver/internal/statemngr/statemngr_impl.go:48.16,50.3 1 0
github.com/t1d333/docker-volume-ftp-driver/internal/statemngr/statemngr_impl.go:52.35,54.9 2 0
github.com/t1d333/docker-volume-ftp-driver/internal/statemngr/statemngr_impl.go:54.9,55.56 1 0
github.com/t1d333/docker-volume-ftp-driver/internal/statemngr/statemngr_impl.go:55.56,57.5 1 0
github.com/t1d333/docker-volume-ftp-driver/internal/statemngr/statemngr_impl.go:64.44,70.34 4 0
github.com/t1d333/docker-volume-ftp-driver/internal/statemngr/statemngr_impl.go:78.2,79.16 2 0
github.com/t1d333/docker-volume-ftp-driver/internal/statemngr/statemngr_impl.go:83.2,84.16 2 0
github.com/t1d333/docker-volume-ftp-driver/internal/statemngr/statemngr_impl.go:88.2,88.77 1 0
github.com/t1d333/docker-volume-ftp-driver/internal/statemngr/statemngr_impl.go:92.2,92.77 1 0
github.com/t1d333/docker-volume-ftp-driver/internal/statemngr/statemngr_impl.go:96.2,96.12 1 0
github.com/t1d333/docker-volume-ftp-driver/internal/statemngr/statemngr_impl.go:70.34,73.21 3 0
github.com/t1d333/docker-volume-ftp-driver/internal/statemngr/statemngr_impl.go:73.21,75.4 1 0
github.com/t1d333/docker-volume-ftp-driver/internal/statemngr/statemngr_impl.go:79.16,81.3 1 0
github.com/t1d333/docker-volume-ftp-driver/internal/statemngr/statemngr_impl.go:84.16,86.3 1 0
github.com/t1d333/docker-volume-ftp-driver/internal/statemngr/statemngr_impl.go:88.77,90.3 1 0
github.com/t1d333/docker-volume-ftp-driver/internal/statemngr/statemngr_impl.go:92.77,94.3 1 0
github.com/t1d333/docker-volume-ftp-driver/internal/statemngr/statemngr_impl.go:99.105,105.16 4 0
github.com/t1d333/docker-volume-ftp-driver/internal/statemngr/statemngr_impl.go:113.2,113.55 1 0
github.com/t1d333/docker-volume-ftp-driver/internal/statemngr/statemngr_impl.go:117.2,118.16 2 0
github.com/t1d333/docker-volume-ftp-driver/internal/statemngr/statemngr_impl.go:126.2,126.55 1 0
github.com/t1d333/docker-volume-ftp-driver/internal/statemngr/statemngr_impl.go:130.2,130.30 1 0
github.com/t1d333/docker-volume-ftp-driver/internal/statemngr/statemngr_impl.go:105.16,106.25 1 0
github.com/t1d333/docker-volume-ftp-driver/internal/statemngr/statemngr_impl.go:106.25,108.4 1 0
github.com/t1d333/docker-volume-ftp-driver/internal/statemngr/statemngr_impl.go:108.9,110.4 1 0
github.com/t1d333/docker-volume-ftp-driver/internal/statemngr/statemngr_impl.go:113.55,115.3 1 0
github.com/t1d333/docker-volume-ftp-driver/internal/statemngr/statemngr_impl.go:118.16,119.25 1 0
github.com/t1d333/docker-volume-ftp-driver/internal/statemngr/statemngr_impl.go:119.25,121.4 1 0
github.com/t1d333/docker-volume-ftp-driver/internal/statemngr/statemngr_impl.go:121.9,123.4 1 0
github.com/t1d333/docker-volume-ftp-driver/internal/statemngr/statemngr_impl.go:126.55,128.3 1 0
github.com/t1d333/docker-volume-ftp-driver/internal/statemngr/mocks/StateManager.go:13.43,17.45 3 1
github.com/t1d333/docker-volume-ftp-driver/internal/statemngr/mocks/StateManager.go:23.2,23.11 1 1
github.com/t1d333/docker-volume-ftp-driver/internal/statemngr/mocks/StateManager.go:17.45,19.3 1 0
github.com/t1d333/docker-volume-ftp-driver/internal/statemngr/mocks/StateManager.go:19.8,21.3 1 1
github.com/t1d333/docker-volume-ftp-driver/internal/statemngr/mocks/StateManager.go:27.43,31.45 3 1
github.com/t1d333/docker-volume-ftp-driver/internal/statemngr/mocks/StateManager.go:37.2,37.11 1 1
github.com/t1d333/docker-volume-ftp-driver/internal/statemngr/mocks/StateManager.go:31.45,33.3 1 0
github.com/t1d333/docker-volume-ftp-driver/internal/statemngr/mocks/StateManager.go:33.8,35.3 1 1
github.com/t1d333/docker-volume-ftp-driver/internal/statemngr/mocks/StateManager.go:45.18,49.19 3 1
github.com/t1d333/docker-volume-ftp-driver/internal/statemngr/mocks/StateManager.go:51.2,51.13 1 1
github.com/t1d333/docker-volume-ftp-driver/internal/statemngr/mocks/StateManager.go:49.19,49.49 1 1
github.com/t1d333/docker-volume-ftp-driver/internal/mountmngr/mountmngr_impl.go:27.58,29.2 1 0
github.com/t1d333/docker-volume-ftp-driver/internal/mountmngr/mountmngr_impl.go:31.93,32.58 1 0
github.com/t1d333/docker-volume-ftp-driver/internal/mountmngr/mountmngr_impl.go:36.2,40.34 3 0
github.com/t1d333/docker-volume-ftp-driver/internal/mountmngr/mountmngr_impl.go:44.2,44.28 1 0
github.com/t1d333/docker-volume-ftp-driver/internal/mountmngr/mountmngr_impl.go:32.58,34.3 1 0
github.com/t1d333/docker-volume-ftp-driver/internal/mountmngr/mountmngr_impl.go:40.34,42.3 1 0
github.com/t1d333/docker-volume-ftp-driver/internal/mountmngr/mountmngr_impl.go:47.61,49.34 2 0
github.com/t1d333/docker-volume-ftp-driver/internal/mountmngr/mountmngr_impl.go:53.2,53.56 1 0
github.com/t1d333/docker-volume-ftp-driver/internal/mountmngr/mountmngr_impl.go:57.2,57.12 1 0
github.com/t1d333/docker-volume-ftp-driver/internal/mountmngr/mountmngr_impl.go:49.34,51.3 1 0
github.com/t1d333/docker-volume-ftp-driver/internal/mountmngr/mountmngr_impl.go:53.56,55.3 1 0
github.com/t1d333/docker-volume-ftp-driver/internal/mountmngr/mountmngr_impl.go:60.60,61.56 1 0
github.com/t1d333/docker-volume-ftp-driver/internal/mountmngr/mountmngr_impl.go:65.2,65.12 1 0
github.com/t1d333/docker-volume-ftp-driver/internal/mountmngr/mountmngr_impl.go:61.56,63.3 1 0
github.com/t1d333/docker-volume-ftp-driver/internal/volume/repository/in_memory_rep.go:22.81,24.2 1 1
github.com/t1d333/docker-volume-ftp-driver/internal/volume/repository/in_memory_rep.go:26.80,27.28 1 1
github.com/t1d333/docker-volume-ftp-driver/internal/volume/repository/in_memory_rep.go:30.2,31.8 2 1
github.com/t1d333/docker-volume-ftp-driver/internal/volume/repository/in_memory_rep.go:35.2,36.12 2 1
github.com/t1d333/docker-volume-ftp-driver/internal/volume/repository/in_memory_rep.go:27.28,29.3 1 0
github.com/t1d333/docker-volume-ftp-driver/internal/volume/repository/in_memory_rep.go:31.8,33.3 1 0
github.com/t1d333/docker-volume-ftp-driver/internal/volume/repository/in_memory_rep.go:39.74,42.2 2 0
github.com/t1d333/docker-volume-ftp-driver/internal/volume/repository/in_memory_rep.go:44.55,46.48 2 1
github.com/t1d333/docker-volume-ftp-driver/internal/volume/repository/in_memory_rep.go:51.2,51.17 1 1
github.com/t1d333/docker-volume-ftp-driver/internal/volume/repository/in_memory_rep.go:46.48,49.3 2 1
github.com/t1d333/docker-volume-ftp-driver/internal/volume/repository/in_memory_rep.go:54.63,56.9 2 1
github.com/t1d333/docker-volume-ftp-driver/internal/volume/repository/in_memory_rep.go:60.2,60.34 1 1
github.com/t1d333/docker-volume-ftp-driver/internal/volume/repository/in_memory_rep.go:56.9,58.3 1 1
github.com/t1d333/docker-volume-ftp-driver/internal/volume/repository/in_memory_rep.go:63.48,64.39 1 0
github.com/t1d333/docker-volume-ftp-driver/internal/volume/repository/in_memory_rep.go:68.2,68.21 1 0
github.com/t1d333/docker-volume-ftp-driver/internal/volume/repository/in_memory_rep.go:72.2,74.12 2 0
github.com/t1d333/docker-volume-ftp-driver/internal/volume/repository/in_memory_rep.go:64.39,66.3 1 0
github.com/t1d333/docker-volume-ftp-driver/internal/volume/repository/in_memory_rep.go:68.21,70.3 1 0
github.com/t1d333/docker-volume-ftp-driver/internal/volume/repository/in_memory_rep.go:77.56,79.9 2 1
github.com/t1d333/docker-volume-ftp-driver/internal/volume/repository/in_memory_rep.go:83.2,84.28 2 1
github.com/t1d333/docker-volume-ftp-driver/internal/volume/repository/in_memory_rep.go:79.9,81.3 1 1
github.com/t1d333/docker-volume-ftp-driver/internal/volume/repository/in_memory_rep.go:87.68,89.8 2 0
github.com/t1d333/docker-volume-ftp-driver/internal/volume/repository/in_memory_rep.go:103.2,103.12 1 0
github.com/t1d333/docker-volume-ftp-driver/internal/volume/repository/in_memory_rep.go:89.8,93.9 3 0
github.com/t1d333/docker-volume-ftp-driver/internal/volume/repository/in_memory_rep.go:93.9,95.4 1 0
github.com/t1d333/docker-volume-ftp-driver/internal/volume/repository/in_memory_rep.go:97.8,101.3 3 0
github.com/t1d333/docker-volume-ftp-driver/internal/volume/repository/in_memory_rep.go:106.48,108.9 2 0
github.com/t1d333/docker-volume-ftp-driver/internal/volume/repository/in_memory_rep.go:112.2,113.22 2 0
github.com/t1d333/docker-volume-ftp-driver/internal/volume/repository/in_memory_rep.go:108.9,110.3 1 0
github.com/t1d333/docker-volume-ftp-driver/internal/volume/repository/in_memory_rep.go:116.53,118.9 2 0
github.com/t1d333/docker-volume-ftp-driver/internal/volume/repository/in_memory_rep.go:130.2,130.12 1 0
github.com/t1d333/docker-volume-ftp-driver/internal/volume/repository/in_memory_rep.go:118.9,120.3 1 0
github.com/t1d333/docker-volume-ftp-driver/internal/volume/repository/in_memory_rep.go:120.8,123.9 3 0
github.com/t1d333/docker-volume-ftp-driver/internal/volume/repository/in_memory_rep.go:123.9,125.4 1 0
github.com/t1d333/docker-volume-ftp-driver/internal/volume/repository/in_memory_rep.go:125.9,127.4 1 0
github.com/t1d333/docker-volume-ftp-driver/internal/volume/repository/in_memory_rep.go:133.62,135.8 2 0
github.com/t1d333/docker-volume-ftp-driver/internal/volume/repository/in_memory_rep.go:146.2,146.19 1 0
github.com/t1d333/docker-volume-ftp-driver/internal/volume/repository/in_memory_rep.go:135.8,139.39 3 0
github.com/t1d333/docker-volume-ftp-driver/internal/volume/repository/in_memory_rep.go:143.3,143.14 1 0
github.com/t1d333/docker-volume-ftp-driver/internal/volume/repository/in_memory_rep.go:139.39,142.4 2 0
github.com/t1d333/docker-volume-ftp-driver/internal/mountmngr/mocks/MountManager.go:18.94,23.92 4 0
github.com/t1d333/docker-volume-ftp-driver/internal/mountmngr/mocks/MountManager.go:26.2,26.83 1 0
github.com/t1d333/docker-volume-ftp-driver/internal/mountmngr/mocks/MountManager.go:32.2,32.82 1 0
github.com/t1d333/docker-volume-ftp-driver/internal/mountmngr/mocks/MountManager.go:38.2,38.15 1 0
github.com/t1d333/docker-volume-ftp-driver/internal/mountmngr/mocks/MountManager.go:23.92,25.3 1 0
github.com/t1d333/docker-volume-ftp-driver/internal/mountmngr/mocks/MountManager.go:26.83,28.3 1 0
github.com/t1d333/docker-volume-ftp-driver/internal/mountmngr/mocks/MountManager.go:28.8,30.3 1 0
github.com/t1d333/docker-volume-ftp-driver/internal/mountmngr/mocks/MountManager.go:32.82,34.3 1 0
github.com/t1d333/docker-volume-ftp-driver/internal/mountmngr/mocks/MountManager.go:34.8,36.3 1 0
github.com/t1d333/docker-volume-ftp-driver/internal/mountmngr/mocks/MountManager.go:42.58,46.59 3 0
github.com/t1d333/docker-volume-ftp-driver/internal/mountmngr/mocks/MountManager.go:52.2,52.11 1 0
github.com/t1d333/docker-volume-ftp-driver/internal/mountmngr/mocks/MountManager.go:46.59,48.3 1 0
github.com/t1d333/docker-volume-ftp-driver/internal/mountmngr/mocks/MountManager.go:48.8,50.3 1 0
github.com/t1d333/docker-volume-ftp-driver/internal/mountmngr/mocks/MountManager.go:56.59,60.59 3 0
github.com/t1d333/docker-volume-ftp-driver/internal/mountmngr/mocks/MountManager.go:66.2,66.11 1 0
github.com/t1d333/docker-volume-ftp-driver/internal/mountmngr/mocks/MountManager.go:60.59,62.3 1 0
github.com/t1d333/docker-volume-ftp-driver/internal/mountmngr/mocks/MountManager.go:62.8,64.3 1 0
github.com/t1d333/docker-volume-ftp-driver/internal/mountmngr/mocks/MountManager.go:74.18,78.19 3 1
github.com/t1d333/docker-volume-ftp-driver/internal/mountmngr/mocks/MountManager.go:80.2,80.13 1 1
github.com/t1d333/docker-volume-ftp-driver/internal/mountmngr/mocks/MountManager.go:78.19,78.49 1 1
github.com/t1d333/docker-volume-ftp-driver/internal/volume/mocks/VolumeService.go:16.59,20.57 3 0
github.com/t1d333/docker-volume-ftp-driver/internal/volume/mocks/VolumeService.go:26.2,26.11 1 0
github.com/t1d333/docker-volume-ftp-driver/internal/volume/mocks/VolumeService.go:20.57,22.3 1 0
github.com/t1d333/docker-volume-ftp-driver/internal/volume/mocks/VolumeService.go:22.8,24.3 1 0
github.com/t1d333/docker-volume-ftp-driver/internal/volume/mocks/VolumeService.go:30.75,34.70 3 0
github.com/t1d333/docker-volume-ftp-driver/internal/volume/mocks/VolumeService.go:40.2,40.11 1 0
github.com/t1d333/docker-volume-ftp-driver/internal/volume/mocks/VolumeService.go:34.70,36.3 1 0
github.com/t1d333/docker-volume-ftp-driver/internal/volume/mocks/VolumeService.go:36.8,38.3 1 0
github.com/t1d333/docker-volume-ftp-driver/internal/volume/mocks/VolumeService.go:44.67,49.69 4 0
github.com/t1d333/docker-volume-ftp-driver/internal/volume/mocks/VolumeService.go:52.2,52.60 1 0
github.com/t1d333/docker-volume-ftp-driver/internal/volume/mocks/VolumeService.go:60.2,60.51 1 0
github.com/t1d333/docker-volume-ftp-driver/internal/volume/mocks/VolumeService.go:66.2,66.15 1 0
github.com/t1d333/docker-volume-ftp-driver/internal/volume/mocks/VolumeService.go:49.69,51.3 1 0
github.com/t1d333/docker-volume-ftp-driver/internal/volume/mocks/VolumeService.go:52.60,54.3 1 0
github.com/t1d333/docker-volume-ftp-driver/internal/volume/mocks/VolumeService.go:54.8,55.24 1 0
github.com/t1d333/docker-volume-ftp-driver/internal/volume/mocks/VolumeService.go:55.24,57.4 1 0
github.com/t1d333/docker-volume-ftp-driver/internal/volume/mocks/VolumeService.go:60.51,62.3 1 0
github.com/t1d333/docker-volume-ftp-driver/internal/volume/mocks/VolumeService.go:62.8,64.3 1 0
github.com/t1d333/docker-volume-ftp-driver/internal/volume/mocks/VolumeService.go:70.59,75.65 4 0
github.com/t1d333/docker-volume-ftp-driver/internal/volume/mocks/VolumeService.go:78.2,78.56 1 0
github.com/t1d333/docker-volume-ftp-driver/internal/volume/mocks/VolumeService.go:86.2,86.45 1 0
github.com/t1d333/docker-volume-ftp-driver/internal/volume/mocks/VolumeService.go:92.2,92.15 1 0
github.com/t1d333/docker-volume-ftp-driver/internal/volume/mocks/VolumeService.go:75.65,77.3 1 0
github.com/t1d333/docker-volume-ftp-driver/internal/volume/mocks/VolumeService.go:78.56,80.3 1 0
github.com/t1d333/docker-volume-ftp-driver/internal/volume/mocks/VolumeService.go:80.8,81.24 1 0
github.com/t1d333/docker-volume-ftp-driver/internal/volume/mocks/VolumeService.go:81.24,83.4 1 0
github.com/t1d333/docker-volume-ftp-driver/internal/volume/mocks/VolumeService.go:86.45,88.3 1 0
github.com/t1d333/docker-volume-ftp-driver/internal/volume/mocks/VolumeService.go:88.8,90.3 1 0
github.com/t1d333/docker-volume-ftp-driver/internal/volume/mocks/VolumeService.go:96.72,101.69 4 0
github.com/t1d333/docker-volume-ftp-driver/internal/volume/mocks/VolumeService.go:104.2,104.60 1 0
github.com/t1d333/docker-volume-ftp-driver/internal/volume/mocks/VolumeService.go:110.2,110.59 1 0
github.com/t1d333/docker-volume-ftp-driver/internal/volume/mocks/VolumeService.go:116.2,116.15 1 0
github.com/t1d333/docker-volume-ftp-driver/internal/volume/mocks/VolumeService.go:101.69,103.3 1 0
github.com/t1d333/docker-volume-ftp-driver/internal/volume/mocks/VolumeService.go:104.60,106.3 1 0
github.com/t1d333/docker-volume-ftp-driver/internal/volume/mocks/VolumeService.go:106.8,108.3 1 0
github.com/t1d333/docker-volume-ftp-driver/internal/volume/mocks/VolumeService.go:110.59,112.3 1 0
github.com/t1d333/docker-volume-ftp-driver/internal/volume/mocks/VolumeService.go:112.8,114.3 1 0
github.com/t1d333/docker-volume-ftp-driver/internal/volume/mocks/VolumeService.go:120.60,125.61 4 0
github.com/t1d333/docker-volume-ftp-driver/internal/volume/mocks/VolumeService.go:128.2,128.52 1 0
github.com/t1d333/docker-volume-ftp-driver/internal/volume/mocks/VolumeService.go:134.2,134.51 1 0
github.com/t1d333/docker-volume-ftp-driver/internal/volume/mocks/VolumeService.go:140.2,140.15 1 0
github.com/t1d333/docker-volume-ftp-driver/internal/volume/mocks/VolumeService.go:125.61,127.3 1 0
github.com/t1d333/docker-volume-ftp-driver/internal/volume/mocks/VolumeService.go:128.52,130.3 1 0
github.com/t1d333/docker-volume-ftp-driver/internal/volume/mocks/VolumeService.go:130.8,132.3 1 0
github.com/t1d333/docker-volume-ftp-driver/internal/volume/mocks/VolumeService.go:134.51,136.3 1 0
github.com/t1d333/docker-volume-ftp-driver/internal/volume/mocks/VolumeService.go:136.8,138.3 1 0
github.com/t1d333/docker-volume-ftp-driver/internal/volume/mocks/VolumeService.go:144.52,148.51 3 0
github.com/t1d333/docker-volume-ftp-driver/internal/volume/mocks/VolumeService.go:154.2,154.11 1 0
github.com/t1d333/docker-volume-ftp-driver/internal/volume/mocks/VolumeService.go:148.51,150.3 1 0
github.com/t1d333/docker-volume-ftp-driver/internal/volume/mocks/VolumeService.go:150.8,152.3 1 0
github.com/t1d333/docker-volume-ftp-driver/internal/volume/mocks/VolumeService.go:158.64,162.59 3 0
github.com/t1d333/docker-volume-ftp-driver/internal/volume/mocks/VolumeService.go:168.2,168.11 1 0
github.com/t1d333/docker-volume-ftp-driver/internal/volume/mocks/VolumeService.go:162.59,164.3 1 0
github.com/t1d333/docker-volume-ftp-driver/internal/volume/mocks/VolumeService.go:164.8,166.3 1 0
github.com/t1d333/docker-volume-ftp-driver/internal/volume/mocks/VolumeService.go:176.19,180.19 3 0
github.com/t1d333/docker-volume-ftp-driver/internal/volume/mocks/VolumeService.go:182.2,182.13 1 0
github.com/t1d333/docker-volume-ftp-driver/internal/volume/mocks/VolumeService.go:180.19,180.49 1 0
github.com/t1d333/docker-volume-ftp-driver/internal/volume/service/ftp_service.go:28.235,38.49 2 1
github.com/t1d333/docker-volume-ftp-driver/internal/volume/service/ftp_service.go:49.2,49.18 1 1
github.com/t1d333/docker-volume-ftp-driver/internal/volume/service/ftp_service.go:38.49,39.10 1 0
github.com/t1d333/docker-volume-ftp-driver/internal/volume/service/ftp_service.go:40.63,41.20 1 0
github.com/t1d333/docker-volume-ftp-driver/internal/volume/service/ftp_service.go:42.62,43.20 1 0
github.com/t1d333/docker-volume-ftp-driver/internal/volume/service/ftp_service.go:44.11,45.20 1 0
github.com/t1d333/docker-volume-ftp-driver/internal/volume/service/ftp_service.go:52.68,55.9 2 1
github.com/t1d333/docker-volume-ftp-driver/internal/volume/service/ftp_service.go:59.2,61.34 2 1
github.com/t1d333/docker-volume-ftp-driver/internal/volume/service/ftp_service.go:67.2,67.34 1 1
github.com/t1d333/docker-volume-ftp-driver/internal/volume/service/ftp_service.go:73.2,73.34 1 1
github.com/t1d333/docker-volume-ftp-driver/internal/volume/service/ftp_service.go:83.2,83.42 1 1
github.com/t1d333/docker-volume-ftp-driver/internal/volume/service/ftp_service.go:89.2,89.62 1 1
github.com/t1d333/docker-volume-ftp-driver/internal/volume/service/ftp_service.go:93.2,106.53 3 1
github.com/t1d333/docker-volume-ftp-driver/internal/volume/service/ftp_service.go:110.2,110.51 1 1
github.com/t1d333/docker-volume-ftp-driver/internal/volume/service/ftp_service.go:114.2,114.12 1 1
github.com/t1d333/docker-volume-ftp-driver/internal/volume/service/ftp_service.go:55.9,57.3 1 1
github.com/t1d333/docker-volume-ftp-driver/internal/volume/service/ftp_service.go:61.34,63.3 1 1
github.com/t1d333/docker-volume-ftp-driver/internal/volume/service/ftp_service.go:63.8,65.3 1 1
github.com/t1d333/docker-volume-ftp-driver/internal/volume/service/ftp_service.go:67.34,69.3 1 1
github.com/t1d333/docker-volume-ftp-driver/internal/volume/service/ftp_service.go:69.8,71.3 1 1
github.com/t1d333/docker-volume-ftp-driver/internal/volume/service/ftp_service.go:73.34,75.3 1 1
github.com/t1d333/docker-volume-ftp-driver/internal/volume/service/ftp_service.go:75.8,77.17 2 1
github.com/t1d333/docker-volume-ftp-driver/internal/volume/service/ftp_service.go:80.3,80.21 1 1
github.com/t1d333/docker-volume-ftp-driver/internal/volume/service/ftp_service.go:77.17,79.4 1 1
github.com/t1d333/docker-volume-ftp-driver/internal/volume/service/ftp_service.go:83.42,85.3 1 1
github.com/t1d333/docker-volume-ftp-driver/internal/volume/service/ftp_service.go:85.8,87.3 1 1
github.com/t1d333/docker-volume-ftp-driver/internal/volume/service/ftp_service.go:89.62,91.3 1 1
github.com/t1d333/docker-volume-ftp-driver/internal/volume/service/ftp_service.go:106.53,108.3 1 0
github.com/t1d333/docker-volume-ftp-driver/internal/volume/service/ftp_service.go:110.51,112.3 1 0
github.com/t1d333/docker-volume-ftp-driver/internal/volume/service/ftp_service.go:117.52,119.2 1 1
github.com/t1d333/docker-volume-ftp-driver/internal/volume/service/ftp_service.go:121.60,123.2 1 1
github.com/t1d333/docker-volume-ftp-driver/internal/volume/service/ftp_service.go:125.45,127.16 2 0
github.com/t1d333/docker-volume-ftp-driver/internal/volume/service/ftp_service.go:132.2,132.45 1 0
github.com/t1d333/docker-volume-ftp-driver/internal/volume/service/ftp_service.go:137.2,137.43 1 0
github.com/t1d333/docker-volume-ftp-driver/internal/volume/service/ftp_service.go:141.2,141.54 1 0
github.com/t1d333/docker-volume-ftp-driver/internal/volume/service/ftp_service.go:146.2,146.51 1 0
github.com/t1d333/docker-volume-ftp-driver/internal/volume/service/ftp_service.go:150.2,150.12 1 0
github.com/t1d333/docker-volume-ftp-driver/internal/volume/service/ftp_service.go:127.16,130.3 2 0
github.com/t1d333/docker-volume-ftp-driver/internal/volume/service/ftp_service.go:132.45,135.3 2 0
github.com/t1d333/docker-volume-ftp-driver/internal/volume/service/ftp_service.go:137.43,139.3 1 0
github.com/t1d333/docker-volume-ftp-driver/internal/volume/service/ftp_service.go:141.54,144.3 2 0
github.com/t1d333/docker-volume-ftp-driver/internal/volume/service/ftp_service.go:146.51,148.3 1 0
github.com/t1d333/docker-volume-ftp-driver/internal/volume/service/ftp_service.go:153.53,155.2 1 1
github.com/t1d333/docker-volume-ftp-driver/internal/volume/service/ftp_service.go:157.58,159.16 2 0
github.com/t1d333/docker-volume-ftp-driver/internal/volume/service/ftp_service.go:163.2,163.32 1 0
github.com/t1d333/docker-volume-ftp-driver/internal/volume/service/ftp_service.go:167.2,167.48 1 0
github.com/t1d333/docker-volume-ftp-driver/internal/volume/service/ftp_service.go:171.2,175.16 3 0
github.com/t1d333/docker-volume-ftp-driver/internal/volume/service/ftp_service.go:179.2,179.18 1 0
github.com/t1d333/docker-volume-ftp-driver/internal/volume/service/ftp_service.go:159.16,161.3 1 0
github.com/t1d333/docker-volume-ftp-driver/internal/volume/service/ftp_service.go:163.32,165.3 1 0
github.com/t1d333/docker-volume-ftp-driver/internal/volume/service/ftp_service.go:167.48,169.3 1 0
github.com/t1d333/docker-volume-ftp-driver/internal/volume/service/ftp_service.go:175.16,177.3 1 0
github.com/t1d333/docker-volume-ftp-driver/internal/volume/service/ftp_service.go:182.50,184.16 2 0
github.com/t1d333/docker-volume-ftp-driver/internal/volume/service/ftp_service.go:188.2,188.33 1 0
github.com/t1d333/docker-volume-ftp-driver/internal/volume/service/ftp_service.go:192.2,192.48 1 0
github.com/t1d333/docker-volume-ftp-driver/internal/volume/service/ftp_service.go:196.2,196.59 1 0
github.com/t1d333/docker-volume-ftp-driver/internal/volume/service/ftp_service.go:201.2,201.55 1 0
github.com/t1d333/docker-volume-ftp-driver/internal/volume/service/ftp_service.go:205.2,205.12 1 0
github.com/t1d333/docker-volume-ftp-driver/internal/volume/service/ftp_service.go:184.16,186.3 1 0
github.com/t1d333/docker-volume-ftp-driver/internal/volume/service/ftp_service.go:188.33,190.3 1 0
github.com/t1d333/docker-volume-ftp-driver/internal/volume/service/ftp_service.go:192.48,194.3 1 0
github.com/t1d333/docker-volume-ftp-driver/internal/volume/service/ftp_service.go:196.59,199.3 2 0
github.com/t1d333/docker-volume-ftp-driver/internal/volume/service/ftp_service.go:201.55,203.3 1 0
github.com/t1d333/docker-volume-ftp-driver/internal/volume/service/ftp_service.go:208.52,210.2 1 1
